This is pdfTeX, Version 3.1415926-2.5-1.40.14 (TeX Live 2013/Debian) (format=pdflatex 2015.5.7)  20 OCT 2015 05:50
entering extended mode
 restricted \write18 enabled.
 %&-line parsing enabled.
**/home/micah/Courses/SMU/Fall2015/EE2370-Signals-And-Systems/Signals-Project/R
eport/abst.tex

(/home/micah/Courses/SMU/Fall2015/EE2370-Signals-And-Systems/Signals-Project/Re
port/abst.tex
LaTeX2e <2011/06/27>
Babel <3.9h> and hyphenation patterns for 78 languages loaded.

! LaTeX Error: Missing \begin{document}.

See the LaTeX manual or LaTeX Companion for explanation.
Type  H <return>  for immediate help.
 ...                                              
                                                  
l.1 I
     n this report we discuss the methodology behind implementing a particul...

? 
! Emergency stop.
 ...                                              
                                                  
l.1 I
     n this report we discuss the methodology behind implementing a particul...

You're in trouble here.  Try typing  <return>  to proceed.
If that doesn't work, type  X <return>  to quit.

 
Here is how much of TeX's memory you used:
 7 strings out of 493304
 501 string characters out of 6139872
 51880 words of memory out of 5000000
 3564 multiletter control sequences out of 15000+600000
 3640 words of font info for 14 fonts, out of 8000000 for 9000
 957 hyphenation exceptions out of 8191
 5i,0n,4p,195b,14s stack positions out of 5000i,500n,10000p,200000b,80000s
!  ==> Fatal error occurred, no output PDF file produced!
